<?xml version="1.0" encoding="UTF-8"?>
<testsuite name="com.equipseva.app.features.kyc.KycEmailOtpStateTest" tests="13" skipped="0" failures="4" errors="0" timestamp="2026-09-13T06:11:13.715Z" hostname="LOKESH" time="3.585">
  <properties/>
  <testcase name="complete submit remains allowed while sending as in current sheet contract" classname="com.equipseva.app.features.kyc.KycEmailOtpStateTest" time="2.806"/>
  <testcase name="editing keeps only six ASCII digits without losing leading zeros" classname="com.equipseva.app.features.kyc.KycEmailOtpStateTest" time="0.057"/>
  <testcase name="verify failure retains code and open sheet preserves mapped effect and allows retry" classname="com.equipseva.app.features.kyc.KycEmailOtpStateTest" time="0.119"/>
  <testcase name="sending permits editing and dismissal and late send completion does not reopen sheet" classname="com.equipseva.app.features.kyc.KycEmailOtpStateTest" time="0.049"/>
  <testcase name="duplicate submit before dispatch and during suspended verification makes one request then permits retry" classname="com.equipseva.app.features.kyc.KycEmailOtpStateTest" time="0.084">
    <failure message="java.lang.AssertionError: Verification failed: call 1 of 1: AuthRepository(#65).verifyEmailOtp-0E7RQCE(eq(engineer@example.test), eq(001234), any())). 3 matching calls found, but needs exactly 1 calls&#10;Calls:&#10;1) AuthRepository(#65).getSessionState()&#10;2) AuthRepository(#65).sendEmailOtp-gIAlu-s(engineer@example.test, continuation {})&#10;3) AuthRepository(#65).verifyEmailOtp-0E7RQCE(engineer@example.test, 001234, continuation {})&#10;4) AuthRepository(#65).verifyEmailOtp-0E7RQCE(engineer@example.test, 001234, continuation {})&#10;5) AuthRepository(#65).verifyEmailOtp-0E7RQCE(engineer@example.test, 001234, continuation {})&#10;&#10;&#10;Stack traces:&#10;1)                                                                                                                                io.mockk.impl.InternalPlatform.captureStackTrace                                                                                       (InternalPlatform.kt:145)                     &#10;                                                                                                                                    io.mockk.impl.stub.MockKStub.handleInvocation                                                                                        (MockKStub.kt:280)                            &#10;                                                                                                  io.mockk.impl.instantiation.JvmMockFactoryHelper$mockHandler$1.invocation                                                                                              (JvmMockFactoryHelper.kt:41)                  &#10;                                                                                                                           io.mockk.proxy.jvm.advice.Interceptor.call                                                                                                    (Interceptor.kt:27)                           &#10;                                                                                                                            io.mockk.proxy.jvm.advice.BaseAdvice.handle                                                                                                  (BaseAdvice.kt:51)                            &#10;                                                                                                          io.mockk.proxy.jvm.advice.jvm.JvmMockKProxyInterceptor.interceptNoSuper                                                                                        (JvmMockKProxyInterceptor.java:44)            &#10;                                                                                                            com.equipseva.app.core.auth.AuthRepository$Subclass0.getSessionState                                                                                         (-:-1)                                        &#10;                                                                                                                     com.equipseva.app.features.kyc.KycViewModel.load                                                                                                    (KycViewModel.kt:369)                         &#10;                                                                                                                     com.equipseva.app.features.kyc.KycViewModel.access$load                                                                                             (KycViewModel.kt:34)                          &#10;                                                                                                                   com.equipseva.app.features.kyc.KycViewModel$2.invokeSuspend                                                                                           (KycViewModel.kt:298)                         &#10;                                                                                                             kotlin.coroutines.jvm.internal.BaseContinuationImpl.resumeWith                                                                                              (ContinuationImpl.kt:34)                      &#10;                                                                                                                               kotlinx.coroutines.DispatchedTask.run                                                                                                     (DispatchedTask.kt:100)                       &#10;                                                                                                                          kotlinx.coroutines.test.TestDispatcher.processEvent$kotlinx_coroutines_test                                                                    (TestDispatcher.kt:24)                        &#10;                                                                                                                  kotlinx.coroutines.test.TestCoroutineScheduler.runCurrent                                                                                              (TestCoroutineScheduler.kt:132)               &#10;                                                                                                                             kotlinx.coroutines.test.TestScopeKt.runCurrent                                                                                              (TestScope.kt:104)                            &#10;                                                                                                             com.equipseva.app.features.kyc.KycEmailOtpStateTest.fixture                                                                                                 (KycEmailOtpStateTest.kt:349)                 &#10;                                                                                                             com.equipseva.app.features.kyc.KycEmailOtpStateTest.access$fixture                                                                                          (KycEmailOtpStateTest.kt:43)                  &#10;   com.equipseva.app.features.kyc.KycEmailOtpStateTest$duplicate submit before dispatch and during suspended verification makes one request then permits retry$1.invokeSuspend                                                                                           (KycEmailOtpStateTest.kt:146)                 &#10;   com.equipseva.app.features.kyc.KycEmailOtpStateTest$duplicate submit before dispatch and during suspended verification makes one request then permits retry$1.invoke                                                                                                  (KycEmailOtpStateTest.kt:-1)                  &#10;   com.equipseva.app.features.kyc.KycEmailOtpStateTest$duplicate submit before dispatch and during suspended verification makes one request then permits retry$1.invoke                                                                                                  (KycEmailOtpStateTest.kt:-1)                  &#10;                                                                                            kotlinx.coroutines.test.TestBuildersKt__TestBuildersKt$runTest$2$1$1.invokeSuspend                                                                                           (TestBuilders.kt:317)                         &#10;                                                                                                             kotlin.coroutines.jvm.internal.BaseContinuationImpl.resumeWith                                                                                              (ContinuationImpl.kt:34)                      &#10;                                                                                                                               kotlinx.coroutines.DispatchedTask.run                                                                                                     (DispatchedTask.kt:100)                       &#10;                                                                                                                          kotlinx.coroutines.test.TestDispatcher.processEvent$kotlinx_coroutines_test                                                                    (TestDispatcher.kt:24)                        &#10;                                                                                                                  kotlinx.coroutines.test.TestCoroutineScheduler.tryRunNextTaskUnless$kotlinx_coroutines_test                                                            (TestCoroutineScheduler.kt:99)                &#10;                                                                                 kotlinx.coroutines.test.TestBuildersKt__TestBuildersKt$runTest$2$1$workRunner$1.invokeSuspend                                                                                           (TestBuilders.kt:326)                         &#10;                                                                                                             kotlin.coroutines.jvm.internal.BaseContinuationImpl.resumeWith                                                                                              (ContinuationImpl.kt:34)                      &#10;                                                                                                                               kotlinx.coroutines.DispatchedTask.run                                                                                                     (DispatchedTask.kt:100)                       &#10;                                                                                                                            kotlinx.coroutines.EventLoopImplBase.processNextEvent                                                                                        (EventLoop.common.kt:263)                     &#10;                                                                                                                            kotlinx.coroutines.BlockingCoroutine.joinBlocking                                                                                            (Builders.kt:94)                              &#10;                                                                                                                       kotlinx.coroutines.BuildersKt__BuildersKt.runBlocking                                                                                             (Builders.kt:70)                              &#10;                                                                                                                                   kotlinx.coroutines.BuildersKt.runBlocking                                                                                             (-:1)                                         &#10;                                                                                                                       kotlinx.coroutines.BuildersKt__BuildersKt.runBlocking$default                                                                                     (Builders.kt:48)                              &#10;                                                                                                                                   kotlinx.coroutines.BuildersKt.runBlocking$default                                                                                     (-:1)                                         &#10;                                                                                                                       kotlinx.coroutines.test.TestBuildersJvmKt.createTestResult                                                                                        (TestBuildersJvm.kt:10)                       &#10;                                                                                                          kotlinx.coroutines.test.TestBuildersKt__TestBuildersKt.runTest-8Mi8wO0                                                                                         (TestBuilders.kt:309)                         &#10;                                                                                                                          kotlinx.coroutines.test.TestBuildersKt.runTest-8Mi8wO0                                                                                         (-:1)                                         &#10;                                                                                                          kotlinx.coroutines.test.TestBuildersKt__TestBuildersKt.runTest-8Mi8wO0                                                                                         (TestBuilders.kt:167)                         &#10;                                                                                                                          kotlinx.coroutines.test.TestBuildersKt.runTest-8Mi8wO0                                                                                         (-:1)                                         &#10;                                                                                                          kotlinx.coroutines.test.TestBuildersKt__TestBuildersKt.runTest-8Mi8wO0$default                                                                                 (TestBuilders.kt:159)                         &#10;                                                                                                                          kotlinx.coroutines.test.TestBuildersKt.runTest-8Mi8wO0$default                                                                                 (-:1)                                         &#10;                                                                                                             com.equipseva.app.features.kyc.KycEmailOtpStateTest.duplicate submit before dispatch and during suspended verification makes one request then permits retry (KycEmailOtpStateTest.kt:145)                 &#10;                                                                                                                   jdk.internal.reflect.NativeMethodAccessorImpl.invoke0                                                                                                 (NativeMethodAccessorImpl.java:-2)N           &#10;                                                                                                                   jdk.internal.reflect.NativeMethodAccessorImpl.invoke                                                                                                  (NativeMethodAccessorImpl.java:77)            &#10;                                                                                                               jdk.internal.reflect.DelegatingMethodAccessorImpl.invoke                                                                                                  (DelegatingMethodAccessorImpl.java:43)        &#10;                                                                                                                                        java.lang.reflect.Method.invoke                                                                                                  (Method.java:569)                             &#10;                                                                                                                       org.junit.runners.model.FrameworkMethod$1.runReflectiveCall                                                                                       (FrameworkMethod.java:59)                     &#10;                                                                                                             org.junit.internal.runners.model.ReflectiveCallable.run                                                                                                     (ReflectiveCallable.java:12)                  &#10;                                                                                                                         org.junit.runners.model.FrameworkMethod.invokeExplosively                                                                                       (FrameworkMethod.java:56)                     &#10;                                                                                                              org.junit.internal.runners.statements.InvokeMethod.evaluate                                                                                                (InvokeMethod.java:17)                        &#10;                                                                                                                org.junit.internal.runners.statements.RunBefores.evaluate                                                                                                (RunBefores.java:26)                          &#10;                                                                                                                 org.junit.internal.runners.statements.RunAfters.evaluate                                                                                                (RunAfters.java:27)                           &#10;                                                                                                                                org.junit.runners.ParentRunner$3.evaluate                                                                                                (ParentRunner.java:306)                       &#10;                                                                                                                      org.junit.runners.BlockJUnit4ClassRunner$1.evaluate                                                                                                (BlockJUnit4ClassRunner.java:100)             &#10;                                                                                                                                  org.junit.runners.ParentRunner.runLeaf                                                                                                 (ParentRunner.java:366)                       &#10;                                                                                                                        org.junit.runners.BlockJUnit4ClassRunner.runChild                                                                                                (BlockJUnit4ClassRunner.java:103)             &#10;                                                                                                                        org.junit.runners.BlockJUnit4ClassRunner.runChild                                                                                                (BlockJUnit4ClassRunner.java:63)              &#10;                                                                                                                                org.junit.runners.ParentRunner$4.run                                                                                                     (ParentRunner.java:331)                       &#10;                                                                                                                                org.junit.runners.ParentRunner$1.schedule                                                                                                (ParentRunner.java:79)                        &#10;                                                                                                                                  org.junit.runners.ParentRunner.runChildren                                                                                             (ParentRunner.java:329)                       &#10;                                                                                                                                  org.junit.runners.ParentRunner.access$100                                                                                              (ParentRunner.java:66)                        &#10;                                                                                                                                org.junit.runners.ParentRunner$2.evaluate                                                                                                (ParentRunner.java:293)                       &#10;                                                                                                                                org.junit.runners.ParentRunner$3.evaluate                                                                                                (ParentRunner.java:306)                       &#10;                                                                                                                                  org.junit.runners.ParentRunner.run                                                                                                     (ParentRunner.java:413)                       &#10;                                                                                                                                      org.junit.runner.JUnitCore.run                                                                                                     (JUnitCore.java:137)                          &#10;                                                                                                                                      org.junit.runner.JUnitCore.run                                                                                                     (JUnitCore.java:115)                          &#10;                                                                                                   org.gradle.api.internal.tasks.testing.junit.JUnitTestExecutor.runRequest                                                                                              (JUnitTestExecutor.java:175)                  &#10;                                                                                                   org.gradle.api.internal.tasks.testing.junit.JUnitTestExecutor.accept                                                                                                  (JUnitTestExecutor.java:84)                   &#10;                                                                                                   org.gradle.api.internal.tasks.testing.junit.JUnitTestExecutor.accept                                                                                                  (JUnitTestExecutor.java:47)                   &#10;                                                                                org.gradle.api.internal.tasks.testing.junit.AbstractJUnitTestDefinitionProcessor.processTestDefinition                                                                                   (AbstractJUnitTestDefinitionProcessor.java:65)&#10;                                                                                              org.gradle.api.internal.tasks.testing.SuiteTestDefinitionProcessor.processTestDefinition                                                                                   (SuiteTestDefinitionProcessor.java:53)        &#10;                                                                                                                   jdk.internal.reflect.GeneratedMethodAccessor2.invoke                                                                                                  (-:-1)                                        &#10;                                                                                                               jdk.internal.reflect.DelegatingMethodAccessorImpl.invoke                                                                                                  (DelegatingMethodAccessorImpl.java:43)        &#10;                                                                                                                                        java.lang.reflect.Method.invoke                                                                                                  (Method.java:569)                             &#10;                                                                                                                   org.gradle.internal.dispatch.MethodInvocation.invokeOn                                                                                                (MethodInvocation.java:77)                    &#10;                                                                                                                 org.gradle.internal.dispatch.ReflectionDispatch.dispatch                                                                                                (ReflectionDispatch.java:28)                  &#10;                                                                                                                 org.gradle.internal.dispatch.ReflectionDispatch.dispatch                                                                                                (ReflectionDispatch.java:19)                  &#10;                                                                                                         org.gradle.internal.dispatch.ContextClassLoaderDispatch.dispatch                                                                                                (ContextClassLoaderDispatch.java:33)          &#10;                                                                                  org.gradle.internal.dispatch.ProxyDispatchAdapter$DispatchingInvocationHandler.invoke                                                                                                  (ProxyDispatchAdapter.java:88)                &#10;                                                                                                                                              jdk.proxy1.$Proxy4.processTestDefinition                                                                                   (-:-1)                                        &#10;                                                                                                       org.gradle.api.internal.tasks.testing.worker.TestWorker$2.run                                                                                                     (TestWorker.java:178)                         &#10;                                                                                                         org.gradle.api.internal.tasks.testing.worker.TestWorker.executeAndMaintainThreadName                                                                            (TestWorker.java:126)                         &#10;                                                                                                         org.gradle.api.internal.tasks.testing.worker.TestWorker.execute                                                                                                 (TestWorker.java:103)                         &#10;                                                                                                         org.gradle.api.internal.tasks.testing.worker.TestWorker.execute                                                                                                 (TestWorker.java:63)                          &#10;                                                                                                  org.gradle.process.internal.worker.child.ActionExecutionWorker.execute                                                                                                 (ActionExecutionWorker.java:56)               &#10;                                                                                     org.gradle.process.internal.worker.child.SystemApplicationClassLoaderWorker.call                                                                                                    (SystemApplicationClassLoaderWorker.java:122) &#10;                                                                                     org.gradle.process.internal.worker.child.SystemApplicationClassLoaderWorker.call                                                                                                    (SystemApplicationClassLoaderWorker.java:72)  &#10;                                                                                                      worker.org.gradle.process.internal.worker.GradleWorkerMain.run                                                                                                     (GradleWorkerMain.java:69)                    &#10;                                                                                                      worker.org.gradle.process.internal.worker.GradleWorkerMain.main                                                                                                    (GradleWorkerMain.java:74)                    &#10;&#10;2)                                                                                                                                io.mockk.impl.InternalPlatform.captureStackTrace                                                                                       (InternalPlatform.kt:145)                     &#10;                                                                                                                                    io.mockk.impl.stub.MockKStub.handleInvocation                                                                                        (MockKStub.kt:280)                            &#10;                                                                                                  io.mockk.impl.instantiation.JvmMockFactoryHelper$mockHandler$1.invocation                                                                                              (JvmMockFactoryHelper.kt:41)                  &#10;                                                                                                                           io.mockk.proxy.jvm.advice.Interceptor.call                                                                                                    (Interceptor.kt:27)                           &#10;                                                                                                                            io.mockk.proxy.jvm.advice.BaseAdvice.handle                                                                                                  (BaseAdvice.kt:51)                            &#10;                                                                                                          io.mockk.proxy.jvm.advice.jvm.JvmMockKProxyInterceptor.interceptNoSuper                                                                                        (JvmMockKProxyInterceptor.java:44)            &#10;                                                                                                            com.equipseva.app.core.auth.AuthRepository$Subclass0.sendEmailOtp-gIAlu-s                                                                                    (-:-1)                                        &#10;                                                                                            com.equipseva.app.features.kyc.KycViewModel$startEmailVerification$3.invokeSuspend                                                                                           (KycViewModel.kt:443)                         &#10;                                                                                                             kotlin.coroutines.jvm.internal.BaseContinuationImpl.resumeWith                                                                                              (ContinuationImpl.kt:34)                      &#10;                                                                                                                               kotlinx.coroutines.DispatchedTask.run                                                                                                     (DispatchedTask.kt:100)                       &#10;                                                                                                                          kotlinx.coroutines.test.TestDispatcher.processEvent$kotlinx_coroutines_test                                                                    (TestDispatcher.kt:24)                        &#10;                                                                                                                  kotlinx.coroutines.test.TestCoroutineScheduler.runCurrent                                                                                              (TestCoroutineScheduler.kt:132)               &#10;                                                                                                                             kotlinx.coroutines.test.TestScopeKt.runCurrent                                                                                              (TestScope.kt:104)                            &#10;                                                                                                             com.equipseva.app.features.kyc.KycEmailOtpStateTest.openSheet                                                                                               (KycEmailOtpStateTest.kt:357)                 &#10;                                                                                                             com.equipseva.app.features.kyc.KycEmailOtpStateTest.access$openSheet                                                                                        (KycEmailOtpStateTest.kt:43)                  &#10;   com.equipseva.app.features.kyc.KycEmailOtpStateTest$duplicate submit before dispatch and during suspended verification makes one request then permits retry$1.invokeSuspend                                                                                           (KycEmailOtpStateTest.kt:147)                 &#10;   com.equipseva.app.features.kyc.KycEmailOtpStateTest$duplicate submit before dispatch and during suspended verification makes one request then permits retry$1.invoke                                                                                                  (KycEmailOtpStateTest.kt:-1)                  &#10;   com.equipseva.app.features.kyc.KycEmailOtpStateTest$duplicate submit before dispatch and during suspended verification makes one request then permits retry$1.invoke                                                                                                  (KycEmailOtpStateTest.kt:-1)                  &#10;                                                                                            kotlinx.coroutines.test.TestBuildersKt__TestBuildersKt$runTest$2$1$1.invokeSuspend                                                                                           (TestBuilders.kt:317)                         &#10;                                                                                                             kotlin.coroutines.jvm.internal.BaseContinuationImpl.resumeWith                                                                                              (ContinuationImpl.kt:34)                      &#10;                                                                                                                               kotlinx.coroutines.DispatchedTask.run                                                                                                     (DispatchedTask.kt:100)                       &#10;                                                                                                                          kotlinx.coroutines.test.TestDispatcher.processEvent$kotlinx_coroutines_test                                                                    (TestDispatcher.kt:24)                        &#10;                                                                                                                  kotlinx.coroutines.test.TestCoroutineScheduler.tryRunNextTaskUnless$kotlinx_coroutines_test                                                            (TestCoroutineScheduler.kt:99)                &#10;                                                                                 kotlinx.coroutines.test.TestBuildersKt__TestBuildersKt$runTest$2$1$workRunner$1.invokeSuspend                                                                                           (TestBuilders.kt:326)                         &#10;                                                                                                             kotlin.coroutines.jvm.internal.BaseContinuationImpl.resumeWith                                                                                              (ContinuationImpl.kt:34)                      &#10;                                                                                                                               kotlinx.coroutines.DispatchedTask.run                                                                                                     (DispatchedTask.kt:100)                       &#10;                                                                                                                            kotlinx.coroutines.EventLoopImplBase.processNextEvent                                                                                        (EventLoop.common.kt:263)                     &#10;                                                                                                                            kotlinx.coroutines.BlockingCoroutine.joinBlocking                                                                                            (Builders.kt:94)                              &#10;                                                                                                                       kotlinx.coroutines.BuildersKt__BuildersKt.runBlocking                                                                                             (Builders.kt:70)                              &#10;                                                                                                                                   kotlinx.coroutines.BuildersKt.runBlocking                                                                                             (-:1)                                         &#10;                                                                                                                       kotlinx.coroutines.BuildersKt__BuildersKt.runBlocking$default                                                                                     (Builders.kt:48)                              &#10;                                                                                                                                   kotlinx.coroutines.BuildersKt.runBlocking$default                                                                                     (-:1)                                         &#10;                                                                                                                       kotlinx.coroutines.test.TestBuildersJvmKt.createTestResult                                                                                        (TestBuildersJvm.kt:10)                       &#10;                                                                                                          kotlinx.coroutines.test.TestBuildersKt__TestBuildersKt.runTest-8Mi8wO0                                                                                         (TestBuilders.kt:309)                         &#10;                                                                                                                          kotlinx.coroutines.test.TestBuildersKt.runTest-8Mi8wO0                                                                                         (-:1)                                         &#10;                                                                                                          kotlinx.coroutines.test.TestBuildersKt__TestBuildersKt.runTest-8Mi8wO0                                                                                         (TestBuilders.kt:167)                         &#10;                                                                                                                          kotlinx.coroutines.test.TestBuildersKt.runTest-8Mi8wO0                                                                                         (-:1)                                         &#10;                                                                                                          kotlinx.coroutines.test.TestBuildersKt__TestBuildersKt.runTest-8Mi8wO0$default                                                                                 (TestBuilders.kt:159)                         &#10;                                                                                                                          kotlinx.coroutines.test.TestBuildersKt.runTest-8Mi8wO0$default                                                                                 (-:1)                                         &#10;                                                                                                             com.equipseva.app.features.kyc.KycEmailOtpStateTest.duplicate submit before dispatch and during suspended verification makes one request then permits retry (KycEmailOtpStateTest.kt:145)                 &#10;                                                                                                                   jdk.internal.reflect.NativeMethodAccessorImpl.invoke0                                                                                                 (NativeMethodAccessorImpl.java:-2)N           &#10;                                                                                                                   jdk.internal.reflect.NativeMethodAccessorImpl.invoke                                                                                                  (NativeMethodAccessorImpl.java:77)            &#10;                                                                                                               jdk.internal.reflect.DelegatingMethodAccessorImpl.invoke                                                                                                  (DelegatingMethodAccessorImpl.java:43)        &#10;                                                                                                                                        java.lang.reflect.Method.invoke                                                                                                  (Method.java:569)                             &#10;                                                                                                                       org.junit.runners.model.FrameworkMethod$1.runReflectiveCall                                                                                       (FrameworkMethod.java:59)                     &#10;                                                                                                             org.junit.internal.runners.model.ReflectiveCallable.run                                                                                                     (ReflectiveCallable.java:12)                  &#10;                                                                                                                         org.junit.runners.model.FrameworkMethod.invokeExplosively                                                                                       (FrameworkMethod.java:56)                     &#10;                                                                                                              org.junit.internal.runners.statements.InvokeMethod.evaluate                                                                                                (InvokeMethod.java:17)                        &#10;                                                                                                                org.junit.internal.runners.statements.RunBefores.evaluate                                                                                                (RunBefores.java:26)                          &#10;                                                                                                                 org.junit.internal.runners.statements.RunAfters.evaluate                                                                                                (RunAfters.java:27)                           &#10;                                                                                                                                org.junit.runners.ParentRunner$3.evaluate                                                                                                (ParentRunner.java:306)                       &#10;                                                                                                                      org.junit.runners.BlockJUnit4ClassRunner$1.evaluate                                                                                                (BlockJUnit4ClassRunner.java:100)             &#10;                                                                                                                                  org.junit.runners.ParentRunner.runLeaf                                                                                                 (ParentRunner.java:366)                       &#10;                                                                                                                        org.junit.runners.BlockJUnit4ClassRunner.runChild                                                                                                (BlockJUnit4ClassRunner.java:103)             &#10;                                                                                                                        org.junit.runners.BlockJUnit4ClassRunner.runChild                                                                                                (BlockJUnit4ClassRunner.java:63)              &#10;                                                                                                                                org.junit.runners.ParentRunner$4.run                                                                                                     (ParentRunner.java:331)                       &#10;                                                                                                                                org.junit.runners.ParentRunner$1.schedule                                                                                                (ParentRunner.java:79)                        &#10;                                                                                                                                  org.junit.runners.ParentRunner.runChildren                                                                                             (ParentRunner.java:329)                       &#10;                                                                                                                                  org.junit.runners.ParentRunner.access$100                                                                                              (ParentRunner.java:66)                        &#10;                                                                                                                                org.junit.runners.ParentRunner$2.evaluate                                                                                                (ParentRunner.java:293)                       &#10;                                                                                                                                org.junit.runners.ParentRunner$3.evaluate                                                                                                (ParentRunner.java:306)                       &#10;                                                                                                                                  org.junit.runners.ParentRunner.run                                                                                                     (ParentRunner.java:413)                       &#10;                                                                                                                                      org.junit.runner.JUnitCore.run                                                                                                     (JUnitCore.java:137)                          &#10;                                                                                                                                      org.junit.runner.JUnitCore.run                                                                                                     (JUnitCore.java:115)                          &#10;                                                                                                   org.gradle.api.internal.tasks.testing.junit.JUnitTestExecutor.runRequest                                                                                              (JUnitTestExecutor.java:175)                  &#10;                                                                                                   org.gradle.api.internal.tasks.testing.junit.JUnitTestExecutor.accept                                                                                                  (JUnitTestExecutor.java:84)                   &#10;                                                                                                   org.gradle.api.internal.tasks.testing.junit.JUnitTestExecutor.accept                                                                                                  (JUnitTestExecutor.java:47)                   &#10;                                                                                org.gradle.api.internal.tasks.testing.junit.AbstractJUnitTestDefinitionProcessor.processTestDefinition                                                                                   (AbstractJUnitTestDefinitionProcessor.java:65)&#10;                                                                                              org.gradle.api.internal.tasks.testing.SuiteTestDefinitionProcessor.processTestDefinition                                                                                   (SuiteTestDefinitionProcessor.java:53)        &#10;                                                                                                                   jdk.internal.reflect.GeneratedMethodAccessor2.invoke                                                                                                  (-:-1)                                        &#10;                                                                                                               jdk.internal.reflect.DelegatingMethodAccessorImpl.invoke                                                                                                  (DelegatingMethodAccessorImpl.java:43)        &#10;                                                                                                                                        java.lang.reflect.Method.invoke                                                                                                  (Method.java:569)                             &#10;                                                                                                                   org.gradle.internal.dispatch.MethodInvocation.invokeOn                                                                                                (MethodInvocation.java:77)                    &#10;                                                                                                                 org.gradle.internal.dispatch.ReflectionDispatch.dispatch                                                                                                (ReflectionDispatch.java:28)                  &#10;                                                                                                                 org.gradle.internal.dispatch.ReflectionDispatch.dispatch                                                                                                (ReflectionDispatch.java:19)                  &#10;                                                                                                         org.gradle.internal.dispatch.ContextClassLoaderDispatch.dispatch                                                                                                (ContextClassLoaderDispatch.java:33)          &#10;                                                                                  org.gradle.internal.dispatch.ProxyDispatchAdapter$DispatchingInvocationHandler.invoke                                                                                                  (ProxyDispatchAdapter.java:88)                &#10;                                                                                                                                              jdk.proxy1.$Proxy4.processTestDefinition                                                                                   (-:-1)                                        &#10;                                                                                                       org.gradle.api.internal.tasks.testing.worker.TestWorker$2.run                                                                                                     (TestWorker.java:178)                         &#10;                                                                                                         org.gradle.api.internal.tasks.testing.worker.TestWorker.executeAndMaintainThreadName                                                                            (TestWorker.java:126)                         &#10;                                                                                                         org.gradle.api.internal.tasks.testing.worker.TestWorker.execute                                                                                                 (TestWorker.java:103)                         &#10;                                                                                                         org.gradle.api.internal.tasks.testing.worker.TestWorker.execute                                                                                                 (TestWorker.java:63)                          &#10;                                                                                                  org.gradle.process.internal.worker.child.ActionExecutionWorker.execute                                                                                                 (ActionExecutionWorker.java:56)               &#10;                                                                                     org.gradle.process.internal.worker.child.SystemApplicationClassLoaderWorker.call                                                                                                    (SystemApplicationClassLoaderWorker.java:122) &#10;                                                                                     org.gradle.process.internal.worker.child.SystemApplicationClassLoaderWorker.call                                                                                                    (SystemApplicationClassLoaderWorker.java:72)  &#10;                                                                                                      worker.org.gradle.process.internal.worker.GradleWorkerMain.run                                                                                                     (GradleWorkerMain.java:69)                    &#10;                                                                                                      worker.org.gradle.process.internal.worker.GradleWorkerMain.main                                                                                                    (GradleWorkerMain.java:74)                    &#10;&#10;3)                                                                                                                                io.mockk.impl.InternalPlatform.captureStackTrace                                                                                       (InternalPlatform.kt:145)                     &#10;                                                                                                                                    io.mockk.impl.stub.MockKStub.handleInvocation                                                                                        (MockKStub.kt:280)                            &#10;                                                                                                  io.mockk.impl.instantiation.JvmMockFactoryHelper$mockHandler$1.invocation                                                                                              (JvmMockFactoryHelper.kt:41)                  &#10;                                                                                                                           io.mockk.proxy.jvm.advice.Interceptor.call                                                                                                    (Interceptor.kt:27)                           &#10;                                                                                                                            io.mockk.proxy.jvm.advice.BaseAdvice.handle                                                                                                  (BaseAdvice.kt:51)                            &#10;                                                                                                          io.mockk.proxy.jvm.advice.jvm.JvmMockKProxyInterceptor.interceptNoSuper                                                                                        (JvmMockKProxyInterceptor.java:44)            &#10;                                                                                                            com.equipseva.app.core.auth.AuthRepository$Subclass0.verifyEmailOtp-0E7RQCE                                                                                  (-:-1)                                        &#10;                                                                                                    com.equipseva.app.features.kyc.KycViewModel$submitEmailOtp$3.invokeSuspend                                                                                           (KycViewModel.kt:479)                         &#10;                                                                                                             kotlin.coroutines.jvm.internal.BaseContinuationImpl.resumeWith                                                                                              (ContinuationImpl.kt:34)                      &#10;                                                                                                                               kotlinx.coroutines.DispatchedTask.run                                                                                                     (DispatchedTask.kt:100)                       &#10;                                                                                                                          kotlinx.coroutines.test.TestDispatcher.processEvent$kotlinx_coroutines_test                                                                    (TestDispatcher.kt:24)                        &#10;                                                                                                                  kotlinx.coroutines.test.TestCoroutineScheduler.runCurrent                                                                                              (TestCoroutineScheduler.kt:132)               &#10;                                                                                                                             kotlinx.coroutines.test.TestScopeKt.runCurrent                                                                                              (TestScope.kt:104)                            &#10;   com.equipseva.app.features.kyc.KycEmailOtpStateTest$duplicate submit before dispatch and during suspended verification makes one request then permits retry$1.invokeSuspend                                                                                           (KycEmailOtpStateTest.kt:154)                 &#10;   com.equipseva.app.features.kyc.KycEmailOtpStateTest$duplicate submit before dispatch and during suspended verification makes one request then permits retry$1.invoke                                                                                                  (KycEmailOtpStateTest.kt:-1)                  &#10;   com.equipseva.app.features.kyc.KycEmailOtpStateTest$duplicate submit before dispatch and during suspended verification makes one request then permits retry$1.invoke                                                                                                  (KycEmailOtpStateTest.kt:-1)                  &#10;                                                                                            kotlinx.coroutines.test.TestBuildersKt__TestBuildersKt$runTest$2$1$1.invokeSuspend                                                                                           (TestBuilders.kt:317)                         &#10;                                                                                                             kotlin.coroutines.jvm.internal.BaseContinuationImpl.resumeWith                                                                                              (ContinuationImpl.kt:34)                      &#10;                                                                                                                               kotlinx.coroutines.DispatchedTask.run                                                                                                     (DispatchedTask.kt:100)                       &#10;                                                                                                                          kotlinx.coroutines.test.TestDispatcher.processEvent$kotlinx_coroutines_test                                                                    (TestDispatcher.kt:24)                        &#10;                                                                                                                  kotlinx.coroutines.test.TestCoroutineScheduler.tryRunNextTaskUnless$kotlinx_coroutines_test                                                            (TestCoroutineScheduler.kt:99)                &#10;                                                                                 kotlinx.coroutines.test.TestBuildersKt__TestBuildersKt$runTest$2$1$workRunner$1.invokeSuspend                                                                                           (TestBuilders.kt:326)                         &#10;                                                                                                             kotlin.coroutines.jvm.internal.BaseContinuationImpl.resumeWith                                                                                              (ContinuationImpl.kt:34)                      &#10;                                                                                                                               kotlinx.coroutines.DispatchedTask.run                                                                                                     (DispatchedTask.kt:100)                       &#10;                                                                                                                            kotlinx.coroutines.EventLoopImplBase.processNextEvent                                                                                        (EventLoop.common.kt:263)                     &#10;                                                                                                                            kotlinx.coroutines.BlockingCoroutine.joinBlocking                                                                                            (Builders.kt:94)                              &#10;                                                                                                                       kotlinx.coroutines.BuildersKt__BuildersKt.runBlocking                                                                                             (Builders.kt:70)                              &#10;                                                                                                                                   kotlinx.coroutines.BuildersKt.runBlocking                                                                                             (-:1)                                         &#10;                                                                                                                       kotlinx.coroutines.BuildersKt__BuildersKt.runBlocking$default                                                                                     (Builders.kt:48)                              &#10;                                                                                                                                   kotlinx.coroutines.BuildersKt.runBlocking$default                                                                                     (-:1)                                         &#10;                                                                                                                       kotlinx.coroutines.test.TestBuildersJvmKt.createTestResult                                                                                        (TestBuildersJvm.kt:10)                       &#10;                                                                                                          kotlinx.coroutines.test.TestBuildersKt__TestBuildersKt.runTest-8Mi8wO0                                                                                         (TestBuilders.kt:309)                         &#10;                                                                                                                          kotlinx.coroutines.test.TestBuildersKt.runTest-8Mi8wO0                                                                                         (-:1)                                         &#10;                                                                                                          kotlinx.coroutines.test.TestBuildersKt__TestBuildersKt.runTest-8Mi8wO0                                                                                         (TestBuilders.kt:167)                         &#10;                                                                                                                          kotlinx.coroutines.test.TestBuildersKt.runTest-8Mi8wO0                                                                                         (-:1)                                         &#10;                                                                                                          kotlinx.coroutines.test.TestBuildersKt__TestBuildersKt.runTest-8Mi8wO0$default                                                                                 (TestBuilders.kt:159)                         &#10;                                                                                                                          kotlinx.coroutines.test.TestBuildersKt.runTest-8Mi8wO0$default                                                                                 (-:1)                                         &#10;                                                                                                             com.equipseva.app.features.kyc.KycEmailOtpStateTest.duplicate submit before dispatch and during suspended verification makes one request then permits retry (KycEmailOtpStateTest.kt:145)                 &#10;                                                                                                                   jdk.internal.reflect.NativeMethodAccessorImpl.invoke0                                                                                                 (NativeMethodAccessorImpl.java:-2)N           &#10;                                                                                                                   jdk.internal.reflect.NativeMethodAccessorImpl.invoke                                                                                                  (NativeMethodAccessorImpl.java:77)            &#10;                                                                                                               jdk.internal.reflect.DelegatingMethodAccessorImpl.invoke                                                                                                  (DelegatingMethodAccessorImpl.java:43)        &#10;                                                                                                                                        java.lang.reflect.Method.invoke                                                                                                  (Method.java:569)                             &#10;                                                                                                                       org.junit.runners.model.FrameworkMethod$1.runReflectiveCall                                                                                       (FrameworkMethod.java:59)                     &#10;                                                                                                             org.junit.internal.runners.model.ReflectiveCallable.run                                                                                                     (ReflectiveCallable.java:12)                  &#10;                                                                                                                         org.junit.runners.model.FrameworkMethod.invokeExplosively                                                                                       (FrameworkMethod.java:56)                     &#10;                                                                                                              org.junit.internal.runners.statements.InvokeMethod.evaluate                                                                                                (InvokeMethod.java:17)                        &#10;                                                                                                                org.junit.internal.runners.statements.RunBefores.evaluate                                                                                                (RunBefores.java:26)                          &#10;                                                                                                                 org.junit.internal.runners.statements.RunAfters.evaluate                                                                                                (RunAfters.java:27)                           &#10;                                                                                                                                org.junit.runners.ParentRunner$3.evaluate                                                                                                (ParentRunner.java:306)                       &#10;                                                                                                                      org.junit.runners.BlockJUnit4ClassRunner$1.evaluate                                                                                                (BlockJUnit4ClassRunner.java:100)             &#10;                                                                                                                                  org.junit.runners.ParentRunner.runLeaf                                                                                                 (ParentRunner.java:366)                       &#10;                                                                                                                        org.junit.runners.BlockJUnit4ClassRunner.runChild                                                                                                (BlockJUnit4ClassRunner.java:103)             &#10;                                                                                                                        org.junit.runners.BlockJUnit4ClassRunner.runChild                                                                                                (BlockJUnit4ClassRunner.java:63)              &#10;                                                                                                                                org.junit.runners.ParentRunner$4.run                                                                                                     (ParentRunner.java:331)                       &#10;                                                                                                                                org.junit.runners.ParentRunner$1.schedule                                                                                                (ParentRunner.java:79)                        &#10;                                                                                                                                  org.junit.runners.ParentRunner.runChildren                                                                                             (ParentRunner.java:329)                       &#10;                                                                                                                                  org.junit.runners.ParentRunner.access$100                                                                                              (ParentRunner.java:66)                        &#10;                                                                                                                                org.junit.runners.ParentRunner$2.evaluate                                                                                                (ParentRunner.java:293)                       &#10;                                                                                                                                org.junit.runners.ParentRunner$3.evaluate                                                                                                (ParentRunner.java:306)                       &#10;                                                                                                                                  org.junit.runners.ParentRunner.run                                                                                                     (ParentRunner.java:413)                       &#10;                                                                                                                                      org.junit.runner.JUnitCore.run                                                                                                     (JUnitCore.java:137)                          &#10;                                                                                                                                      org.junit.runner.JUnitCore.run                                                                                                     (JUnitCore.java:115)                          &#10;                                                                                                   org.gradle.api.internal.tasks.testing.junit.JUnitTestExecutor.runRequest                                                                                              (JUnitTestExecutor.java:175)                  &#10;                                                                                                   org.gradle.api.internal.tasks.testing.junit.JUnitTestExecutor.accept                                                                                                  (JUnitTestExecutor.java:84)                   &#10;                                                                                                   org.gradle.api.internal.tasks.testing.junit.JUnitTestExecutor.accept                                                                                                  (JUnitTestExecutor.java:47)                   &#10;                                                                                org.gradle.api.internal.tasks.testing.junit.AbstractJUnitTestDefinitionProcessor.processTestDefinition                                                                                   (AbstractJUnitTestDefinitionProcessor.java:65)&#10;                                                                                              org.gradle.api.internal.tasks.testing.SuiteTestDefinitionProcessor.processTestDefinition                                                                                   (SuiteTestDefinitionProcessor.java:53)        &#10;                                                                                                                   jdk.internal.reflect.GeneratedMethodAccessor2.invoke                                                                                                  (-:-1)                                        &#10;                                                                                                               jdk.internal.reflect.DelegatingMethodAccessorImpl.invoke                                                                                                  (DelegatingMethodAccessorImpl.java:43)        &#10;                                                                                                                                        java.lang.reflect.Method.invoke                                                                                                  (Method.java:569)                             &#10;                                                                                                                   org.gradle.internal.dispatch.MethodInvocation.invokeOn                                                                                                (MethodInvocation.java:77)                    &#10;                                                                                                      
[...]
                                                              org.gradle.api.internal.tasks.testing.junit.JUnitTestExecutor.accept                                                             (JUnitTestExecutor.java:84)                   
                                                              org.gradle.api.internal.tasks.testing.junit.JUnitTestExecutor.accept                                                             (JUnitTestExecutor.java:47)                   
                                           org.gradle.api.internal.tasks.testing.junit.AbstractJUnitTestDefinitionProcessor.processTestDefinition                                              (AbstractJUnitTestDefinitionProcessor.java:65)
                                                         org.gradle.api.internal.tasks.testing.SuiteTestDefinitionProcessor.processTestDefinition                                              (SuiteTestDefinitionProcessor.java:53)        
                                                                              jdk.internal.reflect.GeneratedMethodAccessor2.invoke                                                             (-:-1)                                        
                                                                          jdk.internal.reflect.DelegatingMethodAccessorImpl.invoke                                                             (DelegatingMethodAccessorImpl.java:43)        
                                                                                                   java.lang.reflect.Method.invoke                                                             (Method.java:569)                             
                                                                              org.gradle.internal.dispatch.MethodInvocation.invokeOn                                                           (MethodInvocation.java:77)                    
                                                                            org.gradle.internal.dispatch.ReflectionDispatch.dispatch                                                           (ReflectionDispatch.java:28)                  
                                                                            org.gradle.internal.dispatch.ReflectionDispatch.dispatch                                                           (ReflectionDispatch.java:19)                  
                                                                    org.gradle.internal.dispatch.ContextClassLoaderDispatch.dispatch                                                           (ContextClassLoaderDispatch.java:33)          
                                             org.gradle.internal.dispatch.ProxyDispatchAdapter$DispatchingInvocationHandler.invoke                                                             (ProxyDispatchAdapter.java:88)                
                                                                                                         jdk.proxy1.$Proxy4.processTestDefinition                                              (-:-1)                                        
                                                                  org.gradle.api.internal.tasks.testing.worker.TestWorker$2.run                                                                (TestWorker.java:178)                         
                                                                    org.gradle.api.internal.tasks.testing.worker.TestWorker.executeAndMaintainThreadName                                       (TestWorker.java:126)                         
                                                                    org.gradle.api.internal.tasks.testing.worker.TestWorker.execute                                                            (TestWorker.java:103)                         
                                                                    org.gradle.api.internal.tasks.testing.worker.TestWorker.execute                                                            (TestWorker.java:63)                          
                                                             org.gradle.process.internal.worker.child.ActionExecutionWorker.execute                                                            (ActionExecutionWorker.java:56)               
                                                org.gradle.process.internal.worker.child.SystemApplicationClassLoaderWorker.call                                                               (SystemApplicationClassLoaderWorker.java:122) 
                                                org.gradle.process.internal.worker.child.SystemApplicationClassLoaderWorker.call                                                               (SystemApplicationClassLoaderWorker.java:72)  
                                                                 worker.org.gradle.process.internal.worker.GradleWorkerMain.run                                                                (GradleWorkerMain.java:69)                    
                                                                 worker.org.gradle.process.internal.worker.GradleWorkerMain.main                                                               (GradleWorkerMain.java:74)                    
	at io.mockk.impl.recording.states.VerifyingState.failIfNotPassed(VerifyingState.kt:65)
	at io.mockk.impl.recording.states.VerifyingState.recordingDone(VerifyingState.kt:39)
	at io.mockk.impl.recording.CommonCallRecorder.done(CommonCallRecorder.kt:50)
	at io.mockk.impl.eval.RecordedBlockEvaluator.record(RecordedBlockEvaluator.kt:63)
	at io.mockk.impl.eval.VerifyBlockEvaluator.verify(VerifyBlockEvaluator.kt:32)
	at io.mockk.MockKDsl.internalCoVerify(API.kt:152)
	at io.mockk.MockKKt.coVerify(MockK.kt:267)
	at io.mockk.MockKKt.coVerify$default(MockK.kt:257)
	at com.equipseva.app.features.kyc.KycEmailOtpStateTest$resend while verifying neither sends nor clears the submitted code$1.invokeSuspend(KycEmailOtpStateTest.kt:181)
	at com.equipseva.app.features.kyc.KycEmailOtpStateTest$resend while verifying neither sends nor clears the submitted code$1.invoke(KycEmailOtpStateTest.kt)
	at com.equipseva.app.features.kyc.KycEmailOtpStateTest$resend while verifying neither sends nor clears the submitted code$1.invoke(KycEmailOtpStateTest.kt)
	at kotlinx.coroutines.test.TestBuildersKt__TestBuildersKt$runTest$2$1$1.invokeSuspend(TestBuilders.kt:317)
	at kotlin.coroutines.jvm.internal.BaseContinuationImpl.resumeWith(ContinuationImpl.kt:34)
	at kotlinx.coroutines.DispatchedTask.run(DispatchedTask.kt:100)
	at kotlinx.coroutines.test.TestDispatcher.processEvent$kotlinx_coroutines_test(TestDispatcher.kt:24)
	at kotlinx.coroutines.test.TestCoroutineScheduler.tryRunNextTaskUnless$kotlinx_coroutines_test(TestCoroutineScheduler.kt:99)
	at kotlinx.coroutines.test.TestBuildersKt__TestBuildersKt$runTest$2$1$workRunner$1.invokeSuspend(TestBuilders.kt:326)
	at kotlin.coroutines.jvm.internal.BaseContinuationImpl.resumeWith(ContinuationImpl.kt:34)
	at kotlinx.coroutines.DispatchedTask.run(DispatchedTask.kt:100)
	at kotlinx.coroutines.EventLoopImplBase.processNextEvent(EventLoop.common.kt:263)
	at kotlinx.coroutines.BlockingCoroutine.joinBlocking(Builders.kt:94)
	at kotlinx.coroutines.BuildersKt__BuildersKt.runBlocking(Builders.kt:70)
	at kotlinx.coroutines.BuildersKt.runBlocking(Unknown Source)
	at kotlinx.coroutines.BuildersKt__BuildersKt.runBlocking$default(Builders.kt:48)
	at kotlinx.coroutines.BuildersKt.runBlocking$default(Unknown Source)
	at kotlinx.coroutines.test.TestBuildersJvmKt.createTestResult(TestBuildersJvm.kt:10)
	at kotlinx.coroutines.test.TestBuildersKt__TestBuildersKt.runTest-8Mi8wO0(TestBuilders.kt:309)
	at kotlinx.coroutines.test.TestBuildersKt.runTest-8Mi8wO0(Unknown Source)
	at kotlinx.coroutines.test.TestBuildersKt__TestBuildersKt.runTest-8Mi8wO0(TestBuilders.kt:167)
	at kotlinx.coroutines.test.TestBuildersKt.runTest-8Mi8wO0(Unknown Source)
	at kotlinx.coroutines.test.TestBuildersKt__TestBuildersKt.runTest-8Mi8wO0$default(TestBuilders.kt:159)
	at kotlinx.coroutines.test.TestBuildersKt.runTest-8Mi8wO0$default(Unknown Source)
	at com.equipseva.app.features.kyc.KycEmailOtpStateTest.resend while verifying neither sends nor clears the submitted code(KycEmailOtpStateTest.kt:169)
	at java.base/jdk.internal.reflect.NativeMethodAccessorImpl.invoke0(Native Method)
	at java.base/jdk.internal.reflect.NativeMethodAccessorImpl.invoke(NativeMethodAccessorImpl.java:77)
	at java.base/jdk.internal.reflect.DelegatingMethodAccessorImpl.invoke(DelegatingMethodAccessorImpl.java:43)
	at java.base/java.lang.reflect.Method.invoke(Method.java:569)
	at org.junit.runners.model.FrameworkMethod$1.runReflectiveCall(FrameworkMethod.java:59)
	at org.junit.internal.runners.model.ReflectiveCallable.run(ReflectiveCallable.java:12)
	at org.junit.runners.model.FrameworkMethod.invokeExplosively(FrameworkMethod.java:56)
	at org.junit.internal.runners.statements.InvokeMethod.evaluate(InvokeMethod.java:17)
	at org.junit.internal.runners.statements.RunBefores.evaluate(RunBefores.java:26)
	at org.junit.internal.runners.statements.RunAfters.evaluate(RunAfters.java:27)
	at org.junit.runners.ParentRunner$3.evaluate(ParentRunner.java:306)
	at org.junit.runners.BlockJUnit4ClassRunner$1.evaluate(BlockJUnit4ClassRunner.java:100)
	at org.junit.runners.ParentRunner.runLeaf(ParentRunner.java:366)
	at org.junit.runners.BlockJUnit4ClassRunner.runChild(BlockJUnit4ClassRunner.java:103)
	at org.junit.runners.BlockJUnit4ClassRunner.runChild(BlockJUnit4ClassRunner.java:63)
	at org.junit.runners.ParentRunner$4.run(ParentRunner.java:331)
	at org.junit.runners.ParentRunner$1.schedule(ParentRunner.java:79)
	at org.junit.runners.ParentRunner.runChildren(ParentRunner.java:329)
	at org.junit.runners.ParentRunner.access$100(ParentRunner.java:66)
	at org.junit.runners.ParentRunner$2.evaluate(ParentRunner.java:293)
	at org.junit.runners.ParentRunner$3.evaluate(ParentRunner.java:306)
	at org.junit.runners.ParentRunner.run(ParentRunner.java:413)
	at org.junit.runner.JUnitCore.run(JUnitCore.java:137)
	at org.junit.runner.JUnitCore.run(JUnitCore.java:115)
	at org.gradle.api.internal.tasks.testing.junit.JUnitTestExecutor.runRequest(JUnitTestExecutor.java:175)
	at org.gradle.api.internal.tasks.testing.junit.JUnitTestExecutor.accept(JUnitTestExecutor.java:84)
	at org.gradle.api.internal.tasks.testing.junit.JUnitTestExecutor.accept(JUnitTestExecutor.java:47)
	at org.gradle.api.internal.tasks.testing.junit.AbstractJUnitTestDefinitionProcessor.processTestDefinition(AbstractJUnitTestDefinitionProcessor.java:65)
	at org.gradle.api.internal.tasks.testing.SuiteTestDefinitionProcessor.processTestDefinition(SuiteTestDefinitionProcessor.java:53)
	at jdk.internal.reflect.GeneratedMethodAccessor2.invoke(Unknown Source)
	at java.base/jdk.internal.reflect.DelegatingMethodAccessorImpl.invoke(DelegatingMethodAccessorImpl.java:43)
	at java.base/java.lang.reflect.Method.invoke(Method.java:569)
	at org.gradle.internal.dispatch.MethodInvocation.invokeOn(MethodInvocation.java:77)
	at org.gradle.internal.dispatch.ReflectionDispatch.dispatch(ReflectionDispatch.java:28)
	at org.gradle.internal.dispatch.ReflectionDispatch.dispatch(ReflectionDispatch.java:19)
	at org.gradle.internal.dispatch.ContextClassLoaderDispatch.dispatch(ContextClassLoaderDispatch.java:33)
	at org.gradle.internal.dispatch.ProxyDispatchAdapter$DispatchingInvocationHandler.invoke(ProxyDispatchAdapter.java:88)
	at jdk.proxy1/jdk.proxy1.$Proxy4.processTestDefinition(Unknown Source)
	at org.gradle.api.internal.tasks.testing.worker.TestWorker$2.run(TestWorker.java:178)
	at org.gradle.api.internal.tasks.testing.worker.TestWorker.executeAndMaintainThreadName(TestWorker.java:126)
	at org.gradle.api.internal.tasks.testing.worker.TestWorker.execute(TestWorker.java:103)
	at org.gradle.api.internal.tasks.testing.worker.TestWorker.execute(TestWorker.java:63)
	at org.gradle.process.internal.worker.child.ActionExecutionWorker.execute(ActionExecutionWorker.java:56)
	at org.gradle.process.internal.worker.child.SystemApplicationClassLoaderWorker.call(SystemApplicationClassLoaderWorker.java:122)
	at org.gradle.process.internal.worker.child.SystemApplicationClassLoaderWorker.call(SystemApplicationClassLoaderWorker.java:72)
	at worker.org.gradle.process.internal.worker.GradleWorkerMain.run(GradleWorkerMain.java:69)
	at worker.org.gradle.process.internal.worker.GradleWorkerMain.main(GradleWorkerMain.java:74)
</failure>
  </testcase>
  <testcase name="verifying blocks edit and dismissal until the pending attempt fails" classname="com.equipseva.app.features.kyc.KycEmailOtpStateTest" time="0.046">
    <failure message="org.junit.ComparisonFailure: expected:&lt;[00123]4&gt; but was:&lt;[98765]4&gt;" type="org.junit.ComparisonFailure">org.junit.ComparisonFailure: expected:&lt;[00123]4&gt; but was:&lt;[98765]4&gt;
	at org.junit.Assert.assertEquals(Assert.java:117)
	at org.junit.Assert.assertEquals(Assert.java:146)
	at com.equipseva.app.features.kyc.KycEmailOtpStateTest$verifying blocks edit and dismissal until the pending attempt fails$1.invokeSuspend(KycEmailOtpStateTest.kt:198)
	at com.equipseva.app.features.kyc.KycEmailOtpStateTest$verifying blocks edit and dismissal until the pending attempt fails$1.invoke(KycEmailOtpStateTest.kt)
	at com.equipseva.app.features.kyc.KycEmailOtpStateTest$verifying blocks edit and dismissal until the pending attempt fails$1.invoke(KycEmailOtpStateTest.kt)
	at kotlinx.coroutines.test.TestBuildersKt__TestBuildersKt$runTest$2$1$1.invokeSuspend(TestBuilders.kt:317)
	at kotlin.coroutines.jvm.internal.BaseContinuationImpl.resumeWith(ContinuationImpl.kt:34)
	at kotlinx.coroutines.DispatchedTask.run(DispatchedTask.kt:100)
	at kotlinx.coroutines.test.TestDispatcher.processEvent$kotlinx_coroutines_test(TestDispatcher.kt:24)
	at kotlinx.coroutines.test.TestCoroutineScheduler.tryRunNextTaskUnless$kotlinx_coroutines_test(TestCoroutineScheduler.kt:99)
	at kotlinx.coroutines.test.TestBuildersKt__TestBuildersKt$runTest$2$1$workRunner$1.invokeSuspend(TestBuilders.kt:326)
	at kotlin.coroutines.jvm.internal.BaseContinuationImpl.resumeWith(ContinuationImpl.kt:34)
	at kotlinx.coroutines.DispatchedTask.run(DispatchedTask.kt:100)
	at kotlinx.coroutines.EventLoopImplBase.processNextEvent(EventLoop.common.kt:263)
	at kotlinx.coroutines.BlockingCoroutine.joinBlocking(Builders.kt:94)
	at kotlinx.coroutines.BuildersKt__BuildersKt.runBlocking(Builders.kt:70)
	at kotlinx.coroutines.BuildersKt.runBlocking(Unknown Source)
	at kotlinx.coroutines.BuildersKt__BuildersKt.runBlocking$default(Builders.kt:48)
	at kotlinx.coroutines.BuildersKt.runBlocking$default(Unknown Source)
	at kotlinx.coroutines.test.TestBuildersJvmKt.createTestResult(TestBuildersJvm.kt:10)
	at kotlinx.coroutines.test.TestBuildersKt__TestBuildersKt.runTest-8Mi8wO0(TestBuilders.kt:309)
	at kotlinx.coroutines.test.TestBuildersKt.runTest-8Mi8wO0(Unknown Source)
	at kotlinx.coroutines.test.TestBuildersKt__TestBuildersKt.runTest-8Mi8wO0(TestBuilders.kt:167)
	at kotlinx.coroutines.test.TestBuildersKt.runTest-8Mi8wO0(Unknown Source)
	at kotlinx.coroutines.test.TestBuildersKt__TestBuildersKt.runTest-8Mi8wO0$default(TestBuilders.kt:159)
	at kotlinx.coroutines.test.TestBuildersKt.runTest-8Mi8wO0$default(Unknown Source)
	at com.equipseva.app.features.kyc.KycEmailOtpStateTest.verifying blocks edit and dismissal until the pending attempt fails(KycEmailOtpStateTest.kt:187)
	at java.base/jdk.internal.reflect.NativeMethodAccessorImpl.invoke0(Native Method)
	at java.base/jdk.internal.reflect.NativeMethodAccessorImpl.invoke(NativeMethodAccessorImpl.java:77)
	at java.base/jdk.internal.reflect.DelegatingMethodAccessorImpl.invoke(DelegatingMethodAccessorImpl.java:43)
	at java.base/java.lang.reflect.Method.invoke(Method.java:569)
	at org.junit.runners.model.FrameworkMethod$1.runReflectiveCall(FrameworkMethod.java:59)
	at org.junit.internal.runners.model.ReflectiveCallable.run(ReflectiveCallable.java:12)
	at org.junit.runners.model.FrameworkMethod.invokeExplosively(FrameworkMethod.java:56)
	at org.junit.internal.runners.statements.InvokeMethod.evaluate(InvokeMethod.java:17)
	at org.junit.internal.runners.statements.RunBefores.evaluate(RunBefores.java:26)
	at org.junit.internal.runners.statements.RunAfters.evaluate(RunAfters.java:27)
	at org.junit.runners.ParentRunner$3.evaluate(ParentRunner.java:306)
	at org.junit.runners.BlockJUnit4ClassRunner$1.evaluate(BlockJUnit4ClassRunner.java:100)
	at org.junit.runners.ParentRunner.runLeaf(ParentRunner.java:366)
	at org.junit.runners.BlockJUnit4ClassRunner.runChild(BlockJUnit4ClassRunner.java:103)
	at org.junit.runners.BlockJUnit4ClassRunner.runChild(BlockJUnit4ClassRunner.java:63)
	at org.junit.runners.ParentRunner$4.run(ParentRunner.java:331)
	at org.junit.runners.ParentRunner$1.schedule(ParentRunner.java:79)
	at org.junit.runners.ParentRunner.runChildren(ParentRunner.java:329)
	at org.junit.runners.ParentRunner.access$100(ParentRunner.java:66)
	at org.junit.runners.ParentRunner$2.evaluate(ParentRunner.java:293)
	at org.junit.runners.ParentRunner$3.evaluate(ParentRunner.java:306)
	at org.junit.runners.ParentRunner.run(ParentRunner.java:413)
	at org.junit.runner.JUnitCore.run(JUnitCore.java:137)
	at org.junit.runner.JUnitCore.run(JUnitCore.java:115)
	at org.gradle.api.internal.tasks.testing.junit.JUnitTestExecutor.runRequest(JUnitTestExecutor.java:175)
	at org.gradle.api.internal.tasks.testing.junit.JUnitTestExecutor.accept(JUnitTestExecutor.java:84)
	at org.gradle.api.internal.tasks.testing.junit.JUnitTestExecutor.accept(JUnitTestExecutor.java:47)
	at org.gradle.api.internal.tasks.testing.junit.AbstractJUnitTestDefinitionProcessor.processTestDefinition(AbstractJUnitTestDefinitionProcessor.java:65)
	at org.gradle.api.internal.tasks.testing.SuiteTestDefinitionProcessor.processTestDefinition(SuiteTestDefinitionProcessor.java:53)
	at jdk.internal.reflect.GeneratedMethodAccessor2.invoke(Unknown Source)
	at java.base/jdk.internal.reflect.DelegatingMethodAccessorImpl.invoke(DelegatingMethodAccessorImpl.java:43)
	at java.base/java.lang.reflect.Method.invoke(Method.java:569)
	at org.gradle.internal.dispatch.MethodInvocation.invokeOn(MethodInvocation.java:77)
	at org.gradle.internal.dispatch.ReflectionDispatch.dispatch(ReflectionDispatch.java:28)
	at org.gradle.internal.dispatch.ReflectionDispatch.dispatch(ReflectionDispatch.java:19)
	at org.gradle.internal.dispatch.ContextClassLoaderDispatch.dispatch(ContextClassLoaderDispatch.java:33)
	at org.gradle.internal.dispatch.ProxyDispatchAdapter$DispatchingInvocationHandler.invoke(ProxyDispatchAdapter.java:88)
	at jdk.proxy1/jdk.proxy1.$Proxy4.processTestDefinition(Unknown Source)
	at org.gradle.api.internal.tasks.testing.worker.TestWorker$2.run(TestWorker.java:178)
	at org.gradle.api.internal.tasks.testing.worker.TestWorker.executeAndMaintainThreadName(TestWorker.java:126)
	at org.gradle.api.internal.tasks.testing.worker.TestWorker.execute(TestWorker.java:103)
	at org.gradle.api.internal.tasks.testing.worker.TestWorker.execute(TestWorker.java:63)
	at org.gradle.process.internal.worker.child.ActionExecutionWorker.execute(ActionExecutionWorker.java:56)
	at org.gradle.process.internal.worker.child.SystemApplicationClassLoaderWorker.call(SystemApplicationClassLoaderWorker.java:122)
	at org.gradle.process.internal.worker.child.SystemApplicationClassLoaderWorker.call(SystemApplicationClassLoaderWorker.java:72)
	at worker.org.gradle.process.internal.worker.GradleWorkerMain.run(GradleWorkerMain.java:69)
	at worker.org.gradle.process.internal.worker.GradleWorkerMain.main(GradleWorkerMain.java:74)
</failure>
  </testcase>
  <system-out><![CDATA[]]></system-out>
  <system-err><![CDATA[SLF4J(W): No SLF4J providers were found.
SLF4J(W): Defaulting to no-operation (NOP) logger implementation
SLF4J(W): See https://www.slf4j.org/codes.html#noProviders for further details.
]]></system-err>
</testsuite>
