<?xml version="1.0" encoding="UTF-8"?>
<testsuite name="com.equipseva.app.designsystem.components.OtpRenewalContractTest" tests="14" skipped="0" failures="1" errors="0" timestamp="2026-09-13T06:23:19.118Z" hostname="LOKESH" time="50.085">
  <properties/>
  <testcase name="sheet callbacks retire on email change and removal and refresh within one email" classname="com.equipseva.app.designsystem.components.OtpRenewalContractTest" time="7.401"/>
  <testcase name="disposed input cannot edit or submit and a fresh editor still works" classname="com.equipseva.app.designsystem.components.OtpRenewalContractTest" time="0.245"/>
  <testcase name="entered count reflects rendered capacity instead of excess caller text" classname="com.equipseva.app.designsystem.components.OtpRenewalContractTest" time="0.121"/>
  <testcase name="one visible named editor grows to the input minimum" classname="com.equipseva.app.designsystem.components.OtpRenewalContractTest" time="0.117"/>
  <testcase name="excess controlled value is not silently submitted as a truncated code" classname="com.equipseva.app.designsystem.components.OtpRenewalContractTest" time="0.118"/>
  <testcase name="decorative digits do not create duplicate text stops" classname="com.equipseva.app.designsystem.components.OtpRenewalContractTest" time="0.099"/>
  <testcase name="native connection supports replacement middle edits deletion and leading zeros" classname="com.equipseva.app.designsystem.components.OtpRenewalContractTest" time="0.194"/>
  <testcase name="old editor action reads latest code callback and enabled state" classname="com.equipseva.app.designsystem.components.OtpRenewalContractTest" time="0.185"/>
  <testcase name="Hindi editor has a localized persistent name" classname="com.equipseva.app.designsystem.components.OtpRenewalContractTest" time="0.116"/>
  <testcase name="sheet renders and announces the exact retry error while retaining code" classname="com.equipseva.app.designsystem.components.OtpRenewalContractTest" time="0.153"/>
  <testcase name="ASCII filtering matches the live KYC contract and preserves leading zero" classname="com.equipseva.app.designsystem.components.OtpRenewalContractTest" time="0.172"/>
  <testcase name="exact optional error is attached to the visible editor" classname="com.equipseva.app.designsystem.components.OtpRenewalContractTest" time="0.095"/>
  <testcase name="sending sheet does not claim the code has already been sent" classname="com.equipseva.app.designsystem.components.OtpRenewalContractTest" time="0.16"/>
  <testcase name="native back cannot hide a verifying sheet and dismisses once ready" classname="com.equipseva.app.designsystem.components.OtpRenewalContractTest" time="6.221">
    <failure message="java.lang.AssertionError: Assert failed: The component with EditableText is defined is not displayed!" type="java.lang.AssertionError">java.lang.AssertionError: Assert failed: The component with EditableText is defined is not displayed!
	at androidx.compose.ui.test.AssertionsKt.assertIsDisplayed(Assertions.kt:34)
	at com.equipseva.app.designsystem.components.OtpRenewalContractTest.native back cannot hide a verifying sheet and dismisses once ready(OtpRenewalContractTest.kt:232)
	at java.base/jdk.internal.reflect.NativeMethodAccessorImpl.invoke0(Native Method)
	at java.base/jdk.internal.reflect.NativeMethodAccessorImpl.invoke(NativeMethodAccessorImpl.java:77)
	at java.base/jdk.internal.reflect.DelegatingMethodAccessorImpl.invoke(DelegatingMethodAccessorImpl.java:43)
	at java.base/java.lang.reflect.Method.invoke(Method.java:569)
	at org.junit.runners.model.FrameworkMethod$1.runReflectiveCall(FrameworkMethod.java:59)
	at org.junit.internal.runners.model.ReflectiveCallable.run(ReflectiveCallable.java:12)
	at org.junit.runners.model.FrameworkMethod.invokeExplosively(FrameworkMethod.java:56)
	at org.junit.internal.runners.statements.InvokeMethod.evaluate(InvokeMethod.java:17)
	at org.junit.internal.runners.statements.RunBefores.evaluate(RunBefores.java:26)
	at org.junit.internal.runners.statements.RunAfters.evaluate(RunAfters.java:27)
	at androidx.compose.ui.test.junit4.AndroidComposeTestRule$apply$testWithDisposal$1.evaluate(AndroidComposeTestRule.android.kt:306)
	at androidx.compose.ui.test.junit4.AndroidComposeTestRule$apply$1$evaluate$1.invokeSuspend(AndroidComposeTestRule.android.kt:318)
	at androidx.compose.ui.test.junit4.AndroidComposeTestRule$apply$1$evaluate$1.invoke(AndroidComposeTestRule.android.kt)
	at androidx.compose.ui.test.junit4.AndroidComposeTestRule$apply$1$evaluate$1.invoke(AndroidComposeTestRule.android.kt)
	at androidx.compose.ui.test.AndroidComposeUiTestEnvironment$runTest$1$1$1$1$1.invokeSuspend(ComposeUiTest.android.kt:569)
	at androidx.compose.ui.test.AndroidComposeUiTestEnvironment$runTest$1$1$1$1$1.invoke(ComposeUiTest.android.kt)
	at androidx.compose.ui.test.AndroidComposeUiTestEnvironment$runTest$1$1$1$1$1.invoke(ComposeUiTest.android.kt)
	at androidx.compose.ui.test.IdlingStrategy.withStrategy$suspendImpl(IdlingStrategy.android.kt:55)
	at androidx.compose.ui.test.IdlingStrategy.withStrategy(IdlingStrategy.android.kt)
	at androidx.compose.ui.test.AndroidComposeUiTestEnvironment$runTest$1$1.invokeSuspend(ComposeUiTest.android.kt:566)
	at androidx.compose.ui.test.AndroidComposeUiTestEnvironment$runTest$1$1.invoke(ComposeUiTest.android.kt)
	at androidx.compose.ui.test.AndroidComposeUiTestEnvironment$runTest$1$1.invoke(ComposeUiTest.android.kt)
	at kotlinx.coroutines.test.TestBuildersKt__TestBuildersKt$runTest$2$1$1.invokeSuspend(TestBuilders.kt:317)
	at kotlin.coroutines.jvm.internal.BaseContinuationImpl.resumeWith(ContinuationImpl.kt:34)
	at kotlinx.coroutines.DispatchedTask.run(DispatchedTask.kt:100)
	at kotlinx.coroutines.test.TestDispatcher.processEvent$kotlinx_coroutines_test(TestDispatcher.kt:24)
	at kotlinx.coroutines.test.TestCoroutineScheduler.tryRunNextTaskUnless$kotlinx_coroutines_test(TestCoroutineScheduler.kt:99)
	at kotlinx.coroutines.test.TestBuildersKt__TestBuildersKt$runTest$2$1$workRunner$1.invokeSuspend(TestBuilders.kt:326)
	at kotlin.coroutines.jvm.internal.BaseContinuationImpl.resumeWith(ContinuationImpl.kt:34)
	at kotlinx.coroutines.DispatchedTask.run(DispatchedTask.kt:100)
	at kotlinx.coroutines.EventLoopImplBase.processNextEvent(EventLoop.common.kt:263)
	at kotlinx.coroutines.BlockingCoroutine.joinBlocking(Builders.kt:94)
	at kotlinx.coroutines.BuildersKt__BuildersKt.runBlocking(Builders.kt:70)
	at kotlinx.coroutines.BuildersKt.runBlocking(Unknown Source)
	at kotlinx.coroutines.BuildersKt__BuildersKt.runBlocking$default(Builders.kt:48)
	at kotlinx.coroutines.BuildersKt.runBlocking$default(Unknown Source)
	at kotlinx.coroutines.test.TestBuildersJvmKt.createTestResult(TestBuildersJvm.kt:10)
	at kotlinx.coroutines.test.TestBuildersKt__TestBuildersKt.runTest-8Mi8wO0(TestBuilders.kt:309)
	at kotlinx.coroutines.test.TestBuildersKt.runTest-8Mi8wO0(Unknown Source)
	at kotlinx.coroutines.test.TestBuildersKt__TestBuildersKt.runTest-8Mi8wO0(TestBuilders.kt:167)
	at kotlinx.coroutines.test.TestBuildersKt.runTest-8Mi8wO0(Unknown Source)
	at androidx.compose.ui.test.AndroidComposeUiTestEnvironment.runTest(ComposeUiTest.android.kt:549)
	at androidx.compose.ui.test.junit4.AndroidComposeTestRule$apply$1.evaluate(AndroidComposeTestRule.android.kt:318)
	at org.junit.runners.ParentRunner$3.evaluate(ParentRunner.java:306)
	at org.robolectric.RobolectricTestRunner$HelperTestRunner$1.evaluate(RobolectricTestRunner.java:524)
	at org.robolectric.internal.SandboxTestRunner.executeInSandbox(SandboxTestRunner.java:494)
	at org.robolectric.internal.SandboxTestRunner.access$900(SandboxTestRunner.java:67)
	at org.robolectric.internal.SandboxTestRunner$7.evaluate(SandboxTestRunner.java:442)
	at org.junit.runners.BlockJUnit4ClassRunner$1.evaluate(BlockJUnit4ClassRunner.java:100)
	at org.junit.runners.ParentRunner.runLeaf(ParentRunner.java:366)
	at org.junit.runners.BlockJUnit4ClassRunner.runChild(BlockJUnit4ClassRunner.java:103)
	at org.robolectric.internal.SandboxTestRunner.access$600(SandboxTestRunner.java:67)
	at org.robolectric.internal.SandboxTestRunner$6.evaluate(SandboxTestRunner.java:333)
	at org.robolectric.internal.SandboxTestRunner$3.evaluate(SandboxTestRunner.java:233)
	at org.robolectric.internal.SandboxTestRunner$5.lambda$evaluate$0(SandboxTestRunner.java:317)
	at org.robolectric.internal.bytecode.Sandbox.lambda$runOnMainThread$0(Sandbox.java:101)
	at java.base/java.util.concurrent.FutureTask.run(FutureTask.java:264)
	at java.base/java.util.concurrent.ThreadPoolExecutor.runWorker(ThreadPoolExecutor.java:1136)
	at java.base/java.util.concurrent.ThreadPoolExecutor$Worker.run(ThreadPoolExecutor.java:635)
	at java.base/java.lang.Thread.run(Thread.java:840)
	Suppressed: org.robolectric.android.internal.AndroidTestEnvironment$UnExecutedRunnablesException: Main looper has queued unexecuted runnables. This might be the cause of the test failure. You might need a shadowOf(Looper.getMainLooper()).idle() call.
</failure>
  </testcase>
  <system-out><![CDATA[]]></system-out>
  <system-err><![CDATA[]]></system-err>
</testsuite>
